Build started 07.04.2017 10:51:36.
     1>Project "E:\Не рабочая папка\Programm_lab_C-\летняя сессия 2017\Abiturient\Abiturient\Abiturient.vcxproj" on node 2 (Build target(s)).
     1>ClCompile:
         C:\Program Files (x86)\Microsoft Visual Studio 12.0\VC\bin\CL.exe /c /ZI /nologo /W3 /WX- /sdl /Od /Oy- /D WIN32 /D _DEBUG /D _CONSOLE /D _LIB /D _UNICODE /D UNICODE /Gm /EHsc /RTC1 /MDd /GS /fp:precise /Zc:wchar_t /Zc:forScope /Yu"stdafx.h" /Fp"Debug\Abiturient.pch" /Fo"Debug\\" /Fd"Debug\vc120.pdb" /Gd /TP /analyze- /errorReport:prompt Abiturient.cpp
         Abiturient.cpp
       Link:
         C:\Program Files (x86)\Microsoft Visual Studio 12.0\VC\bin\link.exe /ERRORREPORT:PROMPT /OUT:"E:\Не рабочая папка\Programm_lab_C-\летняя сессия 2017\Abiturient\Debug\Abiturient.exe" /INCREMENTAL /NOLOGO kernel32.lib user32.lib gdi32.lib winspool.lib comdlg32.lib advapi32.lib shell32.lib ole32.lib oleaut32.lib uuid.lib odbc32.lib odbccp32.lib /MANIFEST /MANIFESTUAC:"level='asInvoker' uiAccess='false'" /manifest:embed /DEBUG /PDB:"E:\Не рабочая папка\Programm_lab_C-\летняя сессия 2017\Abiturient\Debug\Abiturient.pdb" /SUBSYSTEM:CONSOLE /TLBID:1 /DYNAMICBASE /NXCOMPAT /IMPLIB:"E:\Не рабочая папка\Programm_lab_C-\летняя сессия 2017\Abiturient\Debug\Abiturient.lib" /MACHINE:X86 Debug\Abiturient.obj
         Debug\stdafx.obj
     1>Abiturient.obj : error LNK2019: unresolved external symbol "public: __thiscall Abiturient::Abiturient(void)" (??0Abiturient@@QAE@XZ) referenced in function _wmain
     1>E:\═х Ёрсюўр  яряър\Programm_lab_C-\ыхЄэ   ёхёёш  2017\Abiturient\Debug\Abiturient.exe : fatal error LNK1120: 1 unresolved externals
     1>Done Building Project "E:\Не рабочая папка\Programm_lab_C-\летняя сессия 2017\Abiturient\Abiturient\Abiturient.vcxproj" (Build target(s)) -- FAILED.

Build FAILED.

Time Elapsed 00:00:00.81
